AH00558: apache2: Could not reliably determine the server's fully qualified domain name, using 172.21.0.4. Set the 'ServerName' directive globally to suppress this message
[Wed Jun 12 11:45:35.598967 2019] [mpm_prefork:notice] [pid 1] AH00163: Apache/2.4.25 (Debian) PHP/7.2.19 configured -- resuming normal operations
[Wed Jun 12 11:45:35.601334 2019] [core:notice] [pid 1] AH00094: Command line: 'apache2 -D FOREGROUND'
[Wed Jun 12 12:00:44.098097 2019] [mpm_prefork:notice] [pid 1] AH00169: caught SIGTERM, shutting down
AH00558: apache2: Could not reliably determine the server's fully qualified domain name, using 172.21.0.4. Set the 'ServerName' directive globally to suppress this message
[Wed Jun 12 12:00:45.594283 2019] [mpm_prefork:notice] [pid 1] AH00163: Apache/2.4.25 (Debian) PHP/7.2.19 configured -- resuming normal operations
[Wed Jun 12 12:00:45.595937 2019] [core:notice] [pid 1] AH00094: Command line: 'apache2 -D FOREGROUND'
[Wed Jun 12 12:21:18.669135 2019] [mpm_prefork:notice] [pid 1] AH00169: caught SIGTERM, shutting down
AH00558: apache2: Could not reliably determine the server's fully qualified domain name, using 172.21.0.4. Set the 'ServerName' directive globally to suppress this message
[Wed Jun 12 12:35:11.114994 2019] [mpm_prefork:notice] [pid 1] AH00163: Apache/2.4.25 (Debian) PHP/7.2.19 configured -- resuming normal operations
[Wed Jun 12 12:35:11.115987 2019] [core:notice] [pid 1] AH00094: Command line: 'apache2 -D FOREGROUND'
AH00558: apache2: Could not reliably determine the server's fully qualified domain name, using 172.18.0.3. Set the 'ServerName' directive globally to suppress this message
[Wed Jun 19 11:11:57.230788 2019] [mpm_prefork:notice] [pid 1] AH00163: Apache/2.4.25 (Debian) PHP/7.2.19 configured -- resuming normal operations
[Wed Jun 19 11:11:57.233117 2019] [core:notice] [pid 1] AH00094: Command line: 'apache2 -D FOREGROUND'
[Wed Jun 19 11:21:46.042066 2019] [mpm_prefork:notice] [pid 1] AH00171: Graceful restart requested, doing restart
AH00112: Warning: DocumentRoot [/var/www/tmsnew/] does not exist
AH00558: apache2: Could not reliably determine the server's fully qualified domain name, using 172.18.0.3. Set the 'ServerName' directive globally to suppress this message
[Wed Jun 19 11:21:46.354499 2019] [mpm_prefork:notice] [pid 1] AH00163: Apache/2.4.25 (Debian) PHP/7.2.19 configured -- resuming normal operations
[Wed Jun 19 11:21:46.354767 2019] [core:notice] [pid 1] AH00094: Command line: 'apache2 -D FOREGROUND'
[Wed Jun 19 11:22:29.933291 2019] [mpm_prefork:notice] [pid 1] AH00171: Graceful restart requested, doing restart
AH00558: apache2: Could not reliably determine the server's fully qualified domain name, using 172.18.0.3. Set the 'ServerName' directive globally to suppress this message
[Wed Jun 19 11:22:30.147171 2019] [mpm_prefork:notice] [pid 1] AH00163: Apache/2.4.25 (Debian) PHP/7.2.19 configured -- resuming normal operations
[Wed Jun 19 11:22:30.147529 2019] [core:notice] [pid 1] AH00094: Command line: 'apache2 -D FOREGROUND'
AH00558: apache2: Could not reliably determine the server's fully qualified domain name, using 172.18.0.2. Set the 'ServerName' directive globally to suppress this message
[Thu Aug 29 08:19:58.281068 2019] [mpm_prefork:notice] [pid 1] AH00163: Apache/2.4.25 (Debian) PHP/7.2.19 configured -- resuming normal operations
[Thu Aug 29 08:19:58.282080 2019] [core:notice] [pid 1] AH00094: Command line: 'apache2 -D FOREGROUND'
AH00558: apache2: Could not reliably determine the server's fully qualified domain name, using 172.18.0.2. Set the 'ServerName' directive globally to suppress this message
[Thu Aug 29 08:20:11.233122 2019] [mpm_prefork:notice] [pid 1] AH00163: Apache/2.4.25 (Debian) PHP/7.2.19 configured -- resuming normal operations
[Thu Aug 29 08:20:11.235262 2019] [core:notice] [pid 1] AH00094: Command line: 'apache2 -D FOREGROUND'
[Thu Aug 29 08:25:43.022401 2019] [mpm_prefork:notice] [pid 1] AH00169: caught SIGTERM, shutting down
AH00558: apache2: Could not reliably determine the server's fully qualified domain name, using 172.18.0.4. Set the 'ServerName' directive globally to suppress this message
[Mon Sep 16 05:34:14.595622 2019] [mpm_prefork:notice] [pid 1] AH00163: Apache/2.4.38 (Debian) PHP/7.2.22 configured -- resuming normal operations
[Mon Sep 16 05:34:14.613728 2019] [core:notice] [pid 1] AH00094: Command line: 'apache2 -D FOREGROUND'
[Fri Jan 03 07:36:05.175980 2020] [mpm_prefork:notice] [pid 1] AH00163: Apache/2.4.38 (Debian) PHP/7.2.26 OpenSSL/1.1.1d configured -- resuming normal operations
[Fri Jan 03 07:36:05.264089 2020] [core:notice] [pid 1] AH00094: Command line: 'apache2 -D FOREGROUND'
[Fri Jan 03 07:36:21.812662 2020] [mpm_prefork:notice] [pid 1] AH00170: caught SIGWINCH, shutting down gracefully
[Fri Jan 03 07:37:01.908705 2020] [mpm_prefork:notice] [pid 1] AH00163: Apache/2.4.38 (Debian) PHP/7.2.26 OpenSSL/1.1.1d configured -- resuming normal operations
[Fri Jan 03 07:37:01.909240 2020] [core:notice] [pid 1] AH00094: Command line: 'apache2 -D FOREGROUND'
[Fri Jan 03 07:54:45.424231 2020] [mpm_prefork:notice] [pid 1] AH00171: Graceful restart requested, doing restart
[Fri Jan 03 07:54:45.519665 2020] [mpm_prefork:notice] [pid 1] AH00163: Apache/2.4.38 (Debian) PHP/7.2.26 OpenSSL/1.1.1d configured -- resuming normal operations
[Fri Jan 03 07:54:45.519881 2020] [core:notice] [pid 1] AH00094: Command line: 'apache2 -D FOREGROUND'
[Mon Jan 06 07:30:53.235726 2020] [autoindex:error] [pid 68] [client 192.168.99.1:63234] AH01276: Cannot serve directory /var/www/api/: No matching DirectoryIndex (index.php,index.html) found, and server-generated directory index forbidden by Options directive
[Mon Jan 06 09:46:13.227014 2020] [mpm_prefork:notice] [pid 1] AH00171: Graceful restart requested, doing restart
[Mon Jan 06 09:46:13.803328 2020] [mpm_prefork:notice] [pid 1] AH00163: Apache/2.4.38 (Debian) PHP/7.2.26 OpenSSL/1.1.1d configured -- resuming normal operations
[Mon Jan 06 09:46:13.803549 2020] [core:notice] [pid 1] AH00094: Command line: 'apache2 -D FOREGROUND'
[Mon Jan 13 05:43:16.682959 2020] [mpm_prefork:notice] [pid 1] AH00163: Apache/2.4.38 (Debian) PHP/7.2.26 OpenSSL/1.1.1d configured -- resuming normal operations
[Mon Jan 13 05:43:16.713890 2020] [core:notice] [pid 1] AH00094: Command line: 'apache2 -D FOREGROUND'
[Mon Jan 13 05:50:26.818554 2020] [mpm_prefork:notice] [pid 1] AH00163: Apache/2.4.38 (Debian) PHP/7.2.26 OpenSSL/1.1.1d configured -- resuming normal operations
[Mon Jan 13 05:50:26.820449 2020] [core:notice] [pid 1] AH00094: Command line: 'apache2 -D FOREGROUND'
[Mon Jan 13 05:50:43.813550 2020] [mpm_prefork:notice] [pid 1] AH00163: Apache/2.4.38 (Debian) PHP/7.2.26 OpenSSL/1.1.1d configured -- resuming normal operations
[Mon Jan 13 05:50:43.816062 2020] [core:notice] [pid 1] AH00094: Command line: 'apache2 -D FOREGROUND'
[Mon Jan 20 04:06:05.324081 2020] [mpm_prefork:notice] [pid 1] AH00163: Apache/2.4.38 (Debian) PHP/7.2.26 OpenSSL/1.1.1d configured -- resuming normal operations
[Mon Jan 20 04:06:05.343511 2020] [core:notice] [pid 1] AH00094: Command line: 'apache2 -D FOREGROUND'
[Mon Jan 20 04:06:14.806114 2020] [mpm_prefork:notice] [pid 1] AH00163: Apache/2.4.38 (Debian) PHP/7.2.26 OpenSSL/1.1.1d configured -- resuming normal operations
[Mon Jan 20 04:06:14.806808 2020] [core:notice] [pid 1] AH00094: Command line: 'apache2 -D FOREGROUND'
[Mon Jan 20 08:50:59.466501 2020] [mpm_prefork:notice] [pid 1] AH00163: Apache/2.4.38 (Debian) PHP/7.2.26 OpenSSL/1.1.1d configured -- resuming normal operations
[Mon Jan 20 08:50:59.490671 2020] [core:notice] [pid 1] AH00094: Command line: 'apache2 -D FOREGROUND'
[Mon Jan 20 08:58:13.820323 2020] [mpm_prefork:notice] [pid 1] AH00170: caught SIGWINCH, shutting down gracefully
[Mon Jan 20 08:58:44.759032 2020] [mpm_prefork:notice] [pid 1] AH00163: Apache/2.4.38 (Debian) PHP/7.2.26 OpenSSL/1.1.1d configured -- resuming normal operations
[Mon Jan 20 08:58:44.759408 2020] [core:notice] [pid 1] AH00094: Command line: 'apache2 -D FOREGROUND'
[Mon Jan 20 08:59:47.605496 2020] [mpm_prefork:notice] [pid 1] AH00170: caught SIGWINCH, shutting down gracefully
[Mon Jan 20 09:01:10.927534 2020] [mpm_prefork:notice] [pid 1] AH00163: Apache/2.4.38 (Debian) PHP/7.2.26 OpenSSL/1.1.1d configured -- resuming normal operations
[Mon Jan 20 09:01:10.927945 2020] [core:notice] [pid 1] AH00094: Command line: 'apache2 -D FOREGROUND'
[Mon Jan 20 11:37:52.580926 2020] [mpm_prefork:notice] [pid 1] AH00169: caught SIGTERM, shutting down
[Mon Jan 20 11:40:22.258393 2020] [mpm_prefork:notice] [pid 1] AH00163: Apache/2.4.38 (Debian) PHP/7.2.26 OpenSSL/1.1.1d configured -- resuming normal operations
[Mon Jan 20 11:40:22.259899 2020] [core:notice] [pid 1] AH00094: Command line: 'apache2 -D FOREGROUND'
[Mon Jan 20 11:46:02.261662 2020] [mpm_prefork:notice] [pid 1] AH00170: caught SIGWINCH, shutting down gracefully
[Mon Jan 20 11:47:26.133647 2020] [mpm_prefork:notice] [pid 1] AH00163: Apache/2.4.38 (Debian) PHP/7.2.26 OpenSSL/1.1.1d configured -- resuming normal operations
[Mon Jan 20 11:47:26.133951 2020] [core:notice] [pid 1] AH00094: Command line: 'apache2 -D FOREGROUND'
[Mon Jan 20 14:47:14.702053 2020] [mpm_prefork:notice] [pid 1] AH00163: Apache/2.4.38 (Debian) PHP/7.2.26 OpenSSL/1.1.1d configured -- resuming normal operations
[Mon Jan 20 14:47:14.721032 2020] [core:notice] [pid 1] AH00094: Command line: 'apache2 -D FOREGROUND'
[Mon Jan 20 14:52:06.286724 2020] [mpm_prefork:notice] [pid 1] AH00170: caught SIGWINCH, shutting down gracefully
[Mon Jan 20 14:54:32.112716 2020] [mpm_prefork:notice] [pid 1] AH00163: Apache/2.4.38 (Debian) PHP/7.2.26 OpenSSL/1.1.1d configured -- resuming normal operations
[Mon Jan 20 14:54:32.113058 2020] [core:notice] [pid 1] AH00094: Command line: 'apache2 -D FOREGROUND'
[Mon Jan 20 15:02:55.256535 2020] [core:notice] [pid 1] AH00052: child pid 33 exit signal Interrupt (2)
[Tue Jan 21 05:45:28.547609 2020] [mpm_prefork:notice] [pid 1] AH00163: Apache/2.4.38 (Debian) PHP/7.2.26 OpenSSL/1.1.1d configured -- resuming normal operations
[Tue Jan 21 05:45:28.612551 2020] [core:notice] [pid 1] AH00094: Command line: 'apache2 -D FOREGROUND'
[Tue Jan 21 05:45:35.741873 2020] [mpm_prefork:notice] [pid 1] AH00163: Apache/2.4.38 (Debian) PHP/7.2.26 OpenSSL/1.1.1d configured -- resuming normal operations
[Tue Jan 21 05:45:35.746156 2020] [core:notice] [pid 1] AH00094: Command line: 'apache2 -D FOREGROUND'
[Mon Jan 27 05:26:35.481675 2020] [mpm_prefork:notice] [pid 1] AH00163: Apache/2.4.38 (Debian) PHP/7.2.26 OpenSSL/1.1.1d configured -- resuming normal operations
[Mon Jan 27 05:26:35.527445 2020] [core:notice] [pid 1] AH00094: Command line: 'apache2 -D FOREGROUND'
[Mon Feb 03 18:13:08.629090 2020] [mpm_prefork:notice] [pid 1] AH00163: Apache/2.4.38 (Debian) PHP/7.2.27 OpenSSL/1.1.1d configured -- resuming normal operations
[Mon Feb 03 18:13:08.631175 2020] [core:notice] [pid 1] AH00094: Command line: 'apache2 -D FOREGROUND'
[Mon Feb 03 18:13:09.897792 2020] [autoindex:error] [pid 16] [client 172.21.0.1:54940] AH01276: Cannot serve directory /var/www/html/: No matching DirectoryIndex (index.php,index.html) found, and server-generated directory index forbidden by Options directive
[Mon Feb 03 18:13:09.898277 2020] [autoindex:error] [pid 17] [client 172.21.0.1:54950] AH01276: Cannot serve directory /var/www/html/: No matching DirectoryIndex (index.php,index.html) found, and server-generated directory index forbidden by Options directive
[Mon Feb 03 18:17:05.365589 2020] [mpm_prefork:notice] [pid 1] AH00170: caught SIGWINCH, shutting down gracefully
[Mon Feb 03 18:38:39.392044 2020] [mpm_prefork:notice] [pid 1] AH00163: Apache/2.4.38 (Debian) PHP/7.2.27 OpenSSL/1.1.1d configured -- resuming normal operations
[Mon Feb 03 18:38:39.396996 2020] [core:notice] [pid 1] AH00094: Command line: 'apache2 -D FOREGROUND'
[Mon Feb 03 18:38:45.965187 2020] [mpm_prefork:notice] [pid 1] AH00170: caught SIGWINCH, shutting down gracefully
[Mon Feb 03 18:40:43.747736 2020] [mpm_prefork:notice] [pid 1] AH00163: Apache/2.4.38 (Debian) PHP/7.2.27 OpenSSL/1.1.1d configured -- resuming normal operations
[Mon Feb 03 18:40:43.758209 2020] [core:notice] [pid 1] AH00094: Command line: 'apache2 -D FOREGROUND'
[Mon Feb 03 18:42:17.632219 2020] [mpm_prefork:notice] [pid 1] AH00170: caught SIGWINCH, shutting down gracefully
[Mon Feb 03 18:42:22.640079 2020] [mpm_prefork:notice] [pid 1] AH00163: Apache/2.4.38 (Debian) PHP/7.2.27 OpenSSL/1.1.1d configured -- resuming normal operations
[Mon Feb 03 18:42:22.641602 2020] [core:notice] [pid 1] AH00094: Command line: 'apache2 -D FOREGROUND'
[Mon Feb 03 18:58:35.771120 2020] [mpm_prefork:notice] [pid 1] AH00170: caught SIGWINCH, shutting down gracefully
[Mon Feb 03 19:10:16.011116 2020] [mpm_prefork:notice] [pid 1] AH00163: Apache/2.4.38 (Debian) PHP/7.2.27 OpenSSL/1.1.1d configured -- resuming normal operations
[Mon Feb 03 19:10:16.015866 2020] [core:notice] [pid 1] AH00094: Command line: 'apache2 -D FOREGROUND'
[Mon Feb 03 19:10:36.693513 2020] [mpm_prefork:notice] [pid 1] AH00170: caught SIGWINCH, shutting down gracefully
[Mon Feb 03 19:13:17.782409 2020] [mpm_prefork:notice] [pid 1] AH00163: Apache/2.4.38 (Debian) PHP/7.2.27 OpenSSL/1.1.1d configured -- resuming normal operations
[Mon Feb 03 19:13:17.784777 2020] [core:notice] [pid 1] AH00094: Command line: 'apache2 -D FOREGROUND'
[Mon Feb 03 19:13:25.560279 2020] [mpm_prefork:notice] [pid 1] AH00170: caught SIGWINCH, shutting down gracefully
[Mon Feb 03 19:20:41.766971 2020] [mpm_prefork:notice] [pid 1] AH00163: Apache/2.4.38 (Debian) PHP/7.2.27 OpenSSL/1.1.1d configured -- resuming normal operations
[Mon Feb 03 19:20:41.771601 2020] [core:notice] [pid 1] AH00094: Command line: 'apache2 -D FOREGROUND'
[Mon Feb 03 19:37:08.801311 2020] [mpm_prefork:notice] [pid 1] AH00170: caught SIGWINCH, shutting down gracefully
[Mon Feb 03 19:39:07.283040 2020] [mpm_prefork:notice] [pid 1] AH00163: Apache/2.4.38 (Debian) PHP/7.2.27 OpenSSL/1.1.1d configured -- resuming normal operations
[Mon Feb 03 19:39:07.289442 2020] [core:notice] [pid 1] AH00094: Command line: 'apache2 -D FOREGROUND'
[Mon Feb 03 19:47:57.371021 2020] [mpm_prefork:notice] [pid 1] AH00170: caught SIGWINCH, shutting down gracefully
[Mon Feb 03 19:48:09.325618 2020] [mpm_prefork:notice] [pid 1] AH00163: Apache/2.4.38 (Debian) PHP/7.2.27 OpenSSL/1.1.1d configured -- resuming normal operations
[Mon Feb 03 19:48:09.329037 2020] [core:notice] [pid 1] AH00094: Command line: 'apache2 -D FOREGROUND'
[Mon Feb 03 20:00:31.145233 2020] [mpm_prefork:notice] [pid 1] AH00169: caught SIGTERM, shutting down
[Mon Feb 03 20:00:34.205387 2020] [mpm_prefork:notice] [pid 1] AH00163: Apache/2.4.38 (Debian) PHP/7.2.27 OpenSSL/1.1.1d configured -- resuming normal operations
[Mon Feb 03 20:00:34.206332 2020] [core:notice] [pid 1] AH00094: Command line: 'apache2 -D FOREGROUND'
[Mon Feb 03 20:03:26.811341 2020] [mpm_prefork:notice] [pid 1] AH00170: caught SIGWINCH, shutting down gracefully
[Mon Feb 03 20:20:17.736654 2020] [mpm_prefork:notice] [pid 1] AH00163: Apache/2.4.38 (Debian) PHP/7.2.27 OpenSSL/1.1.1d configured -- resuming normal operations
[Mon Feb 03 20:20:17.738336 2020] [core:notice] [pid 1] AH00094: Command line: 'apache2 -D FOREGROUND'
[Mon Feb 03 20:22:19.050890 2020] [mpm_prefork:notice] [pid 1] AH00170: caught SIGWINCH, shutting down gracefully
[Mon Feb 03 20:22:23.543670 2020] [mpm_prefork:notice] [pid 1] AH00163: Apache/2.4.38 (Debian) PHP/7.2.27 OpenSSL/1.1.1d configured -- resuming normal operations
[Mon Feb 03 20:22:23.544402 2020] [core:notice] [pid 1] AH00094: Command line: 'apache2 -D FOREGROUND'
[Mon Feb 03 20:46:48.330321 2020] [mpm_prefork:notice] [pid 1] AH00170: caught SIGWINCH, shutting down gracefully
[Mon Feb 03 20:46:52.075793 2020] [mpm_prefork:notice] [pid 1] AH00163: Apache/2.4.38 (Debian) PHP/7.2.27 OpenSSL/1.1.1d configured -- resuming normal operations
[Mon Feb 03 20:46:52.076641 2020] [core:notice] [pid 1] AH00094: Command line: 'apache2 -D FOREGROUND'
[Mon Feb 03 20:47:35.806636 2020] [mpm_prefork:notice] [pid 1] AH00170: caught SIGWINCH, shutting down gracefully
[Mon Feb 03 20:47:38.211930 2020] [mpm_prefork:notice] [pid 1] AH00163: Apache/2.4.38 (Debian) PHP/7.2.27 OpenSSL/1.1.1d configured -- resuming normal operations
[Mon Feb 03 20:47:38.212974 2020] [core:notice] [pid 1] AH00094: Command line: 'apache2 -D FOREGROUND'
[Mon Feb 03 20:54:14.643868 2020] [mpm_prefork:notice] [pid 1] AH00170: caught SIGWINCH, shutting down gracefully
[Mon Feb 03 20:54:17.387595 2020] [mpm_prefork:notice] [pid 1] AH00163: Apache/2.4.38 (Debian) PHP/7.2.27 OpenSSL/1.1.1d configured -- resuming normal operations
[Mon Feb 03 20:54:17.388303 2020] [core:notice] [pid 1] AH00094: Command line: 'apache2 -D FOREGROUND'
[Mon Feb 03 20:54:51.998362 2020] [mpm_prefork:notice] [pid 1] AH00170: caught SIGWINCH, shutting down gracefully
[Mon Feb 03 20:54:55.462853 2020] [mpm_prefork:notice] [pid 1] AH00163: Apache/2.4.38 (Debian) PHP/7.2.27 OpenSSL/1.1.1d configured -- resuming normal operations
[Mon Feb 03 20:54:55.463807 2020] [core:notice] [pid 1] AH00094: Command line: 'apache2 -D FOREGROUND'
[Mon Feb 03 21:04:11.961520 2020] [mpm_prefork:notice] [pid 1] AH00170: caught SIGWINCH, shutting down gracefully
[Mon Feb 03 21:04:16.068330 2020] [mpm_prefork:notice] [pid 1] AH00163: Apache/2.4.38 (Debian) PHP/7.2.27 OpenSSL/1.1.1d configured -- resuming normal operations
[Mon Feb 03 21:04:16.070533 2020] [core:notice] [pid 1] AH00094: Command line: 'apache2 -D FOREGROUND'
[Mon Feb 03 21:06:26.412412 2020] [mpm_prefork:notice] [pid 1] AH00170: caught SIGWINCH, shutting down gracefully
[Mon Feb 03 21:06:30.067347 2020] [mpm_prefork:notice] [pid 1] AH00163: Apache/2.4.38 (Debian) PHP/7.2.27 OpenSSL/1.1.1d configured -- resuming normal operations
[Mon Feb 03 21:06:30.070866 2020] [core:notice] [pid 1] AH00094: Command line: 'apache2 -D FOREGROUND'
[Mon Feb 03 21:09:05.492414 2020] [mpm_prefork:notice] [pid 1] AH00170: caught SIGWINCH, shutting down gracefully
[Mon Feb 03 21:09:08.630028 2020] [mpm_prefork:notice] [pid 1] AH00163: Apache/2.4.38 (Debian) PHP/7.2.27 OpenSSL/1.1.1d configured -- resuming normal operations
[Mon Feb 03 21:09:08.630630 2020] [core:notice] [pid 1] AH00094: Command line: 'apache2 -D FOREGROUND'
[Mon Feb 03 21:09:12.893685 2020] [autoindex:error] [pid 20] [client 172.28.0.1:51612] AH01276: Cannot serve directory /var/www/html/: No matching DirectoryIndex (index.php,index.html) found, and server-generated directory index forbidden by Options directive
[Mon Feb 03 21:09:16.865077 2020] [autoindex:error] [pid 20] [client 172.28.0.1:51612] AH01276: Cannot serve directory /var/www/html/: No matching DirectoryIndex (index.php,index.html) found, and server-generated directory index forbidden by Options directive
[Mon Feb 03 21:09:52.087590 2020] [mpm_prefork:notice] [pid 1] AH00170: caught SIGWINCH, shutting down gracefully
[Mon Feb 03 21:09:55.118161 2020] [mpm_prefork:notice] [pid 1] AH00163: Apache/2.4.38 (Debian) PHP/7.2.27 OpenSSL/1.1.1d configured -- resuming normal operations
[Mon Feb 03 21:09:55.119489 2020] [core:notice] [pid 1] AH00094: Command line: 'apache2 -D FOREGROUND'
[Mon Feb 03 21:09:57.329941 2020] [autoindex:error] [pid 19] [client 172.28.0.1:51664] AH01276: Cannot serve directory /var/www/html/: No matching DirectoryIndex (index.php,index.html) found, and server-generated directory index forbidden by Options directive
[Mon Feb 03 21:09:57.330111 2020] [autoindex:error] [pid 21] [client 172.28.0.1:51680] AH01276: Cannot serve directory /var/www/html/: No matching DirectoryIndex (index.php,index.html) found, and server-generated directory index forbidden by Options directive
[Tue Feb 04 04:16:48.466135 2020] [autoindex:error] [pid 27] [client 172.28.0.1:52040] AH01276: Cannot serve directory /var/www/html/: No matching DirectoryIndex (index.php,index.html) found, and server-generated directory index forbidden by Options directive
[Tue Feb 04 04:16:48.634098 2020] [autoindex:error] [pid 27] [client 172.28.0.1:52040] AH01276: Cannot serve directory /var/www/html/: No matching DirectoryIndex (index.php,index.html) found, and server-generated directory index forbidden by Options directive
[Tue Feb 04 04:17:46.822659 2020] [autoindex:error] [pid 21] [client 172.28.0.1:52054] AH01276: Cannot serve directory /var/www/html/: No matching DirectoryIndex (index.php,index.html) found, and server-generated directory index forbidden by Options directive
[Tue Feb 04 04:17:47.043789 2020] [autoindex:error] [pid 21] [client 172.28.0.1:52054] AH01276: Cannot serve directory /var/www/html/: No matching DirectoryIndex (index.php,index.html) found, and server-generated directory index forbidden by Options directive
[Tue Feb 04 04:30:27.129056 2020] [mpm_prefork:notice] [pid 1] AH00169: caught SIGTERM, shutting down
[Tue Feb 04 04:30:29.956885 2020] [mpm_prefork:notice] [pid 1] AH00163: Apache/2.4.38 (Debian) PHP/7.2.27 OpenSSL/1.1.1d configured -- resuming normal operations
[Tue Feb 04 04:30:29.957986 2020] [core:notice] [pid 1] AH00094: Command line: 'apache2 -D FOREGROUND'
[Tue Feb 04 04:30:30.598919 2020] [autoindex:error] [pid 19] [client 172.28.0.1:52142] AH01276: Cannot serve directory /var/www/html/: No matching DirectoryIndex (index.php,index.html) found, and server-generated directory index forbidden by Options directive
[Tue Feb 04 04:30:32.420661 2020] [autoindex:error] [pid 19] [client 172.28.0.1:52142] AH01276: Cannot serve directory /var/www/html/: No matching DirectoryIndex (index.php,index.html) found, and server-generated directory index forbidden by Options directive
[Tue Feb 04 04:30:33.450986 2020] [autoindex:error] [pid 19] [client 172.28.0.1:52142] AH01276: Cannot serve directory /var/www/html/: No matching DirectoryIndex (index.php,index.html) found, and server-generated directory index forbidden by Options directive
[Tue Feb 04 04:30:33.452628 2020] [autoindex:error] [pid 18] [client 172.28.0.1:52152] AH01276: Cannot serve directory /var/www/html/: No matching DirectoryIndex (index.php,index.html) found, and server-generated directory index forbidden by Options directive
[Tue Feb 04 04:36:51.120657 2020] [autoindex:error] [pid 23] [client 172.28.0.1:52162] AH01276: Cannot serve directory /var/www/html/: No matching DirectoryIndex (index.php,index.html) found, and server-generated directory index forbidden by Options directive
[Tue Feb 04 04:36:51.487225 2020] [autoindex:error] [pid 23] [client 172.28.0.1:52162] AH01276: Cannot serve directory /var/www/html/: No matching DirectoryIndex (index.php,index.html) found, and server-generated directory index forbidden by Options directive
[Tue Feb 04 04:36:58.663665 2020] [mpm_prefork:notice] [pid 1] AH00169: caught SIGTERM, shutting down
[Tue Feb 04 04:37:00.294841 2020] [mpm_prefork:notice] [pid 1] AH00163: Apache/2.4.38 (Debian) PHP/7.2.27 OpenSSL/1.1.1d configured -- resuming normal operations
[Tue Feb 04 04:37:00.295694 2020] [core:notice] [pid 1] AH00094: Command line: 'apache2 -D FOREGROUND'
[Tue Feb 04 04:37:03.015151 2020] [autoindex:error] [pid 18] [client 172.28.0.1:52186] AH01276: Cannot serve directory /var/www/html/: No matching DirectoryIndex (index.php,index.html) found, and server-generated directory index forbidden by Options directive
[Tue Feb 04 04:37:03.015308 2020] [autoindex:error] [pid 16] [client 172.28.0.1:52194] AH01276: Cannot serve directory /var/www/html/: No matching DirectoryIndex (index.php,index.html) found, and server-generated directory index forbidden by Options directive
[Tue Feb 04 04:37:03.329181 2020] [autoindex:error] [pid 21] [client 172.28.0.1:52202] AH01276: Cannot serve directory /var/www/html/: No matching DirectoryIndex (index.php,index.html) found, and server-generated directory index forbidden by Options directive
[Tue Feb 04 04:38:07.203662 2020] [autoindex:error] [pid 26] [client 172.28.0.1:52214] AH01276: Cannot serve directory /var/www/html/: No matching DirectoryIndex (index.php,index.html) found, and server-generated directory index forbidden by Options directive
[Tue Feb 04 04:38:07.490953 2020] [autoindex:error] [pid 26] [client 172.28.0.1:52214] AH01276: Cannot serve directory /var/www/html/: No matching DirectoryIndex (index.php,index.html) found, and server-generated directory index forbidden by Options directive
[Tue Feb 04 04:47:52.975159 2020] [autoindex:error] [pid 27] [client 172.28.0.1:52224] AH01276: Cannot serve directory /var/www/html/: No matching DirectoryIndex (index.php,index.html) found, and server-generated directory index forbidden by Options directive
[Tue Feb 04 04:48:28.101698 2020] [autoindex:error] [pid 16] [client 172.28.0.1:52290] AH01276: Cannot serve directory /var/www/html/: No matching DirectoryIndex (index.php,index.html) found, and server-generated directory index forbidden by Options directive
[Tue Feb 04 04:48:28.310013 2020] [autoindex:error] [pid 16] [client 172.28.0.1:52290] AH01276: Cannot serve directory /var/www/html/: No matching DirectoryIndex (index.php,index.html) found, and server-generated directory index forbidden by Options directive
[Tue Feb 04 04:49:45.627823 2020] [autoindex:error] [pid 19] [client 172.28.0.1:52366] AH01276: Cannot serve directory /var/www/html/: No matching DirectoryIndex (index.php,index.html) found, and server-generated directory index forbidden by Options directive
[Tue Feb 04 04:50:42.669932 2020] [autoindex:error] [pid 21] [client 172.28.0.1:52440] AH01276: Cannot serve directory /var/www/html/: No matching DirectoryIndex (index.php,index.html) found, and server-generated directory index forbidden by Options directive
[Tue Feb 04 04:51:30.158157 2020] [autoindex:error] [pid 26] [client 172.28.0.1:52448] AH01276: Cannot serve directory /var/www/html/: No matching DirectoryIndex (index.php,index.html) found, and server-generated directory index forbidden by Options directive
[Tue Feb 04 04:51:30.364289 2020] [autoindex:error] [pid 26] [client 172.28.0.1:52448] AH01276: Cannot serve directory /var/www/html/: No matching DirectoryIndex (index.php,index.html) found, and server-generated directory index forbidden by Options directive
[Tue Feb 04 05:37:11.560080 2020] [mpm_prefork:notice] [pid 1] AH00169: caught SIGTERM, shutting down
[Tue Feb 04 05:37:13.190350 2020] [mpm_prefork:notice] [pid 1] AH00163: Apache/2.4.38 (Debian) PHP/7.2.27 OpenSSL/1.1.1d configured -- resuming normal operations
[Tue Feb 04 05:37:13.191921 2020] [core:notice] [pid 1] AH00094: Command line: 'apache2 -D FOREGROUND'
[Tue Feb 04 05:46:58.140910 2020] [mpm_prefork:notice] [pid 1] AH00169: caught SIGTERM, shutting down
[Tue Feb 04 05:46:59.677660 2020] [mpm_prefork:notice] [pid 1] AH00163: Apache/2.4.38 (Debian) PHP/7.2.27 OpenSSL/1.1.1d configured -- resuming normal operations
[Tue Feb 04 05:46:59.678295 2020] [core:notice] [pid 1] AH00094: Command line: 'apache2 -D FOREGROUND'
[Tue Feb 04 05:59:48.102292 2020] [mpm_prefork:notice] [pid 1] AH00170: caught SIGWINCH, shutting down gracefully
[Tue Feb 04 06:07:15.082394 2020] [mpm_prefork:notice] [pid 1] AH00163: Apache/2.4.38 (Debian) PHP/7.2.27 OpenSSL/1.1.1d configured -- resuming normal operations
[Tue Feb 04 06:07:15.089296 2020] [core:notice] [pid 1] AH00094: Command line: 'apache2 -D FOREGROUND'
[Tue Feb 04 06:50:57.079913 2020] [mpm_prefork:notice] [pid 1] AH00170: caught SIGWINCH, shutting down gracefully
[Tue Feb 04 06:52:23.983209 2020] [mpm_prefork:notice] [pid 1] AH00163: Apache/2.4.38 (Debian) PHP/7.2.27 OpenSSL/1.1.1d configured -- resuming normal operations
[Tue Feb 04 06:52:23.984808 2020] [core:notice] [pid 1] AH00094: Command line: 'apache2 -D FOREGROUND'
[Tue Feb 04 07:38:07.870653 2020] [mpm_prefork:notice] [pid 1] AH00170: caught SIGWINCH, shutting down gracefully
[Tue Feb 04 07:38:24.601564 2020] [mpm_prefork:notice] [pid 1] AH00163: Apache/2.4.38 (Debian) PHP/7.2.27 OpenSSL/1.1.1d configured -- resuming normal operations
[Tue Feb 04 07:38:24.602281 2020] [core:notice] [pid 1] AH00094: Command line: 'apache2 -D FOREGROUND'
[Tue Feb 04 07:40:09.943072 2020] [mpm_prefork:notice] [pid 1] AH00170: caught SIGWINCH, shutting down gracefully
AH00558: apache2: Could not reliably determine the server's fully qualified domain name, using 172.31.0.5. Set the 'ServerName' directive globally to suppress this message
[Tue Feb 04 07:40:45.317428 2020] [mpm_prefork:notice] [pid 1] AH00163: Apache/2.4.38 (Debian) PHP/7.2.27 OpenSSL/1.1.1d configured -- resuming normal operations
[Tue Feb 04 07:40:45.318526 2020] [core:notice] [pid 1] AH00094: Command line: 'apache2 -D FOREGROUND'
[Tue Feb 04 07:41:14.709257 2020] [mpm_prefork:notice] [pid 1] AH00170: caught SIGWINCH, shutting down gracefully
[Tue Feb 04 07:51:21.622129 2020] [mpm_prefork:notice] [pid 1] AH00163: Apache/2.4.38 (Debian) PHP/7.2.27 OpenSSL/1.1.1d configured -- resuming normal operations
[Tue Feb 04 07:51:21.630749 2020] [core:notice] [pid 1] AH00094: Command line: 'apache2 -D FOREGROUND'
[Tue Feb 04 07:53:24.009984 2020] [mpm_prefork:notice] [pid 1] AH00170: caught SIGWINCH, shutting down gracefully
AH00558: apache2: Could not reliably determine the server's fully qualified domain name, using 192.168.0.5. Set the 'ServerName' directive globally to suppress this message
[Tue Feb 04 08:31:26.802942 2020] [mpm_prefork:notice] [pid 1] AH00163: Apache/2.4.38 (Debian) PHP/7.2.27 OpenSSL/1.1.1d configured -- resuming normal operations
[Tue Feb 04 08:31:26.803632 2020] [core:notice] [pid 1] AH00094: Command line: 'apache2 -D FOREGROUND'
[Tue Feb 04 08:33:04.135840 2020] [mpm_prefork:notice] [pid 1] AH00170: caught SIGWINCH, shutting down gracefully
AH00558: apache2: Could not reliably determine the server's fully qualified domain name, using 192.168.0.5. Set the 'ServerName' directive globally to suppress this message
[Tue Feb 04 08:33:06.522278 2020] [mpm_prefork:notice] [pid 1] AH00163: Apache/2.4.38 (Debian) PHP/7.2.27 OpenSSL/1.1.1d configured -- resuming normal operations
[Tue Feb 04 08:33:06.523652 2020] [core:notice] [pid 1] AH00094: Command line: 'apache2 -D FOREGROUND'
[Tue Feb 04 08:39:25.801065 2020] [mpm_prefork:notice] [pid 1] AH00170: caught SIGWINCH, shutting down gracefully
AH00558: apache2: Could not reliably determine the server's fully qualified domain name, using 192.168.0.5. Set the 'ServerName' directive globally to suppress this message
[Tue Feb 04 08:39:28.438990 2020] [mpm_prefork:notice] [pid 1] AH00163: Apache/2.4.38 (Debian) PHP/7.2.27 OpenSSL/1.1.1d configured -- resuming normal operations
[Tue Feb 04 08:39:28.440652 2020] [core:notice] [pid 1] AH00094: Command line: 'apache2 -D FOREGROUND'
[Tue Feb 04 08:41:09.825799 2020] [mpm_prefork:notice] [pid 1] AH00170: caught SIGWINCH, shutting down gracefully
AH00558: apache2: Could not reliably determine the server's fully qualified domain name, using 192.168.0.5. Set the 'ServerName' directive globally to suppress this message
[Tue Feb 04 08:41:12.253107 2020] [mpm_prefork:notice] [pid 1] AH00163: Apache/2.4.38 (Debian) PHP/7.2.27 OpenSSL/1.1.1d configured -- resuming normal operations
[Tue Feb 04 08:41:12.253718 2020] [core:notice] [pid 1] AH00094: Command line: 'apache2 -D FOREGROUND'
[Tue Feb 04 08:55:03.918407 2020] [mpm_prefork:notice] [pid 1] AH00170: caught SIGWINCH, shutting down gracefully
AH00558: apache2: Could not reliably determine the server's fully qualified domain name, using 192.168.0.5. Set the 'ServerName' directive globally to suppress this message
[Tue Feb 04 08:56:46.451019 2020] [mpm_prefork:notice] [pid 1] AH00163: Apache/2.4.38 (Debian) PHP/7.2.27 OpenSSL/1.1.1d configured -- resuming normal operations
[Tue Feb 04 08:56:46.452450 2020] [core:notice] [pid 1] AH00094: Command line: 'apache2 -D FOREGROUND'
[Tue Feb 04 09:04:03.558510 2020] [mpm_prefork:notice] [pid 1] AH00170: caught SIGWINCH, shutting down gracefully
AH00558: apache2: Could not reliably determine the server's fully qualified domain name, using 192.168.0.5. Set the 'ServerName' directive globally to suppress this message
[Tue Feb 04 09:04:05.942425 2020] [mpm_prefork:notice] [pid 1] AH00163: Apache/2.4.38 (Debian) PHP/7.2.27 OpenSSL/1.1.1d configured -- resuming normal operations
[Tue Feb 04 09:04:05.943156 2020] [core:notice] [pid 1] AH00094: Command line: 'apache2 -D FOREGROUND'
[Tue Feb 04 09:05:22.063032 2020] [mpm_prefork:notice] [pid 1] AH00170: caught SIGWINCH, shutting down gracefully
[Tue Feb 04 09:05:24.558770 2020] [mpm_prefork:notice] [pid 1] AH00163: Apache/2.4.38 (Debian) PHP/7.2.27 OpenSSL/1.1.1d configured -- resuming normal operations
[Tue Feb 04 09:05:24.559562 2020] [core:notice] [pid 1] AH00094: Command line: 'apache2 -D FOREGROUND'
[Tue Feb 04 09:06:15.831611 2020] [mpm_prefork:notice] [pid 1] AH00170: caught SIGWINCH, shutting down gracefully
[Tue Feb 04 09:06:38.945750 2020] [mpm_prefork:notice] [pid 1] AH00163: Apache/2.4.38 (Debian) PHP/7.2.27 OpenSSL/1.1.1d configured -- resuming normal operations
[Tue Feb 04 09:06:38.947063 2020] [core:notice] [pid 1] AH00094: Command line: 'apache2 -D FOREGROUND'
[Tue Feb 04 09:09:47.536427 2020] [mpm_prefork:notice] [pid 1] AH00170: caught SIGWINCH, shutting down gracefully
[Tue Feb 04 09:20:48.763001 2020] [mpm_prefork:notice] [pid 1] AH00163: Apache/2.4.38 (Debian) PHP/7.2.27 OpenSSL/1.1.1d configured -- resuming normal operations
[Tue Feb 04 09:20:48.765039 2020] [core:notice] [pid 1] AH00094: Command line: 'apache2 -D FOREGROUND'
[Tue Feb 04 09:27:52.011580 2020] [mpm_prefork:notice] [pid 1] AH00170: caught SIGWINCH, shutting down gracefully
[Tue Feb 04 09:28:10.293379 2020] [mpm_prefork:notice] [pid 1] AH00163: Apache/2.4.38 (Debian) PHP/7.2.27 OpenSSL/1.1.1d configured -- resuming normal operations
[Tue Feb 04 09:28:10.294260 2020] [core:notice] [pid 1] AH00094: Command line: 'apache2 -D FOREGROUND'
[Tue Feb 04 09:28:55.244663 2020] [mpm_prefork:notice] [pid 1] AH00170: caught SIGWINCH, shutting down gracefully
AH00558: apache2: Could not reliably determine the server's fully qualified domain name, using 192.168.0.4. Set the 'ServerName' directive globally to suppress this message
[Tue Feb 04 09:41:15.121658 2020] [mpm_prefork:notice] [pid 1] AH00163: Apache/2.4.38 (Debian) PHP/7.2.27 OpenSSL/1.1.1d configured -- resuming normal operations
[Tue Feb 04 09:41:15.122798 2020] [core:notice] [pid 1] AH00094: Command line: 'apache2 -D FOREGROUND'
[Tue Feb 04 09:42:07.850946 2020] [mpm_prefork:notice] [pid 1] AH00170: caught SIGWINCH, shutting down gracefully
AH00558: apache2: Could not reliably determine the server's fully qualified domain name, using 192.168.0.4. Set the 'ServerName' directive globally to suppress this message
[Tue Feb 04 09:42:10.412896 2020] [mpm_prefork:notice] [pid 1] AH00163: Apache/2.4.38 (Debian) PHP/7.2.27 OpenSSL/1.1.1d configured -- resuming normal operations
[Tue Feb 04 09:42:10.414333 2020] [core:notice] [pid 1] AH00094: Command line: 'apache2 -D FOREGROUND'
[Tue Feb 04 09:42:52.727782 2020] [mpm_prefork:notice] [pid 1] AH00170: caught SIGWINCH, shutting down gracefully
AH00558: apache2: Could not reliably determine the server's fully qualified domain name, using 192.168.0.4. Set the 'ServerName' directive globally to suppress this message
[Tue Feb 04 09:42:55.263306 2020] [mpm_prefork:notice] [pid 1] AH00163: Apache/2.4.38 (Debian) PHP/7.2.27 OpenSSL/1.1.1d configured -- resuming normal operations
[Tue Feb 04 09:42:55.265533 2020] [core:notice] [pid 1] AH00094: Command line: 'apache2 -D FOREGROUND'
[Tue Feb 04 09:43:46.127362 2020] [mpm_prefork:notice] [pid 1] AH00170: caught SIGWINCH, shutting down gracefully
AH00558: apache2: Could not reliably determine the server's fully qualified domain name, using 192.168.0.4. Set the 'ServerName' directive globally to suppress this message
[Tue Feb 04 09:43:49.231498 2020] [mpm_prefork:notice] [pid 1] AH00163: Apache/2.4.38 (Debian) PHP/7.2.27 OpenSSL/1.1.1d configured -- resuming normal operations
[Tue Feb 04 09:43:49.232822 2020] [core:notice] [pid 1] AH00094: Command line: 'apache2 -D FOREGROUND'
[Tue Feb 04 09:45:31.960347 2020] [mpm_prefork:notice] [pid 1] AH00170: caught SIGWINCH, shutting down gracefully
AH00558: apache2: Could not reliably determine the server's fully qualified domain name, using 192.168.0.4. Set the 'ServerName' directive globally to suppress this message
[Tue Feb 04 09:45:34.486582 2020] [mpm_prefork:notice] [pid 1] AH00163: Apache/2.4.38 (Debian) PHP/7.2.27 OpenSSL/1.1.1d configured -- resuming normal operations
[Tue Feb 04 09:45:34.488611 2020] [core:notice] [pid 1] AH00094: Command line: 'apache2 -D FOREGROUND'
[Tue Feb 04 09:47:04.706594 2020] [mpm_prefork:notice] [pid 1] AH00170: caught SIGWINCH, shutting down gracefully
[Tue Feb 04 09:47:07.193236 2020] [mpm_prefork:notice] [pid 1] AH00163: Apache/2.4.38 (Debian) PHP/7.2.27 OpenSSL/1.1.1d configured -- resuming normal operations
[Tue Feb 04 09:47:07.194254 2020] [core:notice] [pid 1] AH00094: Command line: 'apache2 -D FOREGROUND'
[Tue Feb 04 09:54:29.004051 2020] [mpm_prefork:notice] [pid 1] AH00170: caught SIGWINCH, shutting down gracefully
AH00558: apache2: Could not reliably determine the server's fully qualified domain name, using 192.168.0.4. Set the 'ServerName' directive globally to suppress this message
[Tue Feb 04 09:54:31.673663 2020] [mpm_prefork:notice] [pid 1] AH00163: Apache/2.4.38 (Debian) PHP/7.2.27 OpenSSL/1.1.1d configured -- resuming normal operations
[Tue Feb 04 09:54:31.674930 2020] [core:notice] [pid 1] AH00094: Command line: 'apache2 -D FOREGROUND'
[Tue Feb 04 10:43:45.892353 2020] [mpm_prefork:notice] [pid 1] AH00170: caught SIGWINCH, shutting down gracefully
AH00558: apache2: Could not reliably determine the server's fully qualified domain name, using 192.168.0.4. Set the 'ServerName' directive globally to suppress this message
[Tue Feb 04 10:43:49.047815 2020] [mpm_prefork:notice] [pid 1] AH00163: Apache/2.4.38 (Debian) PHP/7.2.27 OpenSSL/1.1.1d configured -- resuming normal operations
[Tue Feb 04 10:43:49.048665 2020] [core:notice] [pid 1] AH00094: Command line: 'apache2 -D FOREGROUND'
[Tue Feb 04 10:45:42.093750 2020] [mpm_prefork:notice] [pid 1] AH00170: caught SIGWINCH, shutting down gracefully
AH00558: apache2: Could not reliably determine the server's fully qualified domain name, using 192.168.0.4. Set the 'ServerName' directive globally to suppress this message
[Tue Feb 04 10:45:44.692776 2020] [mpm_prefork:notice] [pid 1] AH00163: Apache/2.4.38 (Debian) PHP/7.2.27 OpenSSL/1.1.1d configured -- resuming normal operations
[Tue Feb 04 10:45:44.694267 2020] [core:notice] [pid 1] AH00094: Command line: 'apache2 -D FOREGROUND'
[Tue Feb 04 10:46:23.481964 2020] [mpm_prefork:notice] [pid 1] AH00170: caught SIGWINCH, shutting down gracefully
AH00558: apache2: Could not reliably determine the server's fully qualified domain name, using 192.168.0.4. Set the 'ServerName' directive globally to suppress this message
[Tue Feb 04 10:46:26.182148 2020] [mpm_prefork:notice] [pid 1] AH00163: Apache/2.4.38 (Debian) PHP/7.2.27 OpenSSL/1.1.1d configured -- resuming normal operations
[Tue Feb 04 10:46:26.184808 2020] [core:notice] [pid 1] AH00094: Command line: 'apache2 -D FOREGROUND'
[Tue Feb 04 10:48:51.608999 2020] [mpm_prefork:notice] [pid 1] AH00170: caught SIGWINCH, shutting down gracefully
AH00558: apache2: Could not reliably determine the server's fully qualified domain name, using 192.168.0.4. Set the 'ServerName' directive globally to suppress this message
[Tue Feb 04 10:48:54.264169 2020] [mpm_prefork:notice] [pid 1] AH00163: Apache/2.4.38 (Debian) PHP/7.2.27 OpenSSL/1.1.1d configured -- resuming normal operations
[Tue Feb 04 10:48:54.265033 2020] [core:notice] [pid 1] AH00094: Command line: 'apache2 -D FOREGROUND'
[Tue Feb 04 11:27:08.017267 2020] [mpm_prefork:notice] [pid 1] AH00170: caught SIGWINCH, shutting down gracefully
[Tue Feb 04 11:27:30.341210 2020] [mpm_prefork:notice] [pid 1] AH00163: Apache/2.4.38 (Debian) PHP/7.2.27 OpenSSL/1.1.1d configured -- resuming normal operations
[Tue Feb 04 11:27:30.342465 2020] [core:notice] [pid 1] AH00094: Command line: 'apache2 -D FOREGROUND'
[Tue Feb 04 14:41:51.074412 2020] [mpm_prefork:notice] [pid 1] AH00163: Apache/2.4.38 (Debian) PHP/7.2.27 OpenSSL/1.1.1d configured -- resuming normal operations
[Tue Feb 04 14:41:51.080073 2020] [core:notice] [pid 1] AH00094: Command line: 'apache2 -D FOREGROUND'
[Tue Feb 04 14:45:50.869658 2020] [mpm_prefork:notice] [pid 1] AH00170: caught SIGWINCH, shutting down gracefully
[Tue Feb 04 14:45:55.596718 2020] [mpm_prefork:notice] [pid 1] AH00163: Apache/2.4.38 (Debian) PHP/7.2.27 OpenSSL/1.1.1d configured -- resuming normal operations
[Tue Feb 04 14:45:55.597460 2020] [core:notice] [pid 1] AH00094: Command line: 'apache2 -D FOREGROUND'
[Tue Feb 04 14:54:15.636509 2020] [mpm_prefork:notice] [pid 1] AH00170: caught SIGWINCH, shutting down gracefully
[Tue Feb 04 14:54:19.053874 2020] [mpm_prefork:notice] [pid 1] AH00163: Apache/2.4.38 (Debian) PHP/7.2.27 OpenSSL/1.1.1d configured -- resuming normal operations
[Tue Feb 04 14:54:19.054591 2020] [core:notice] [pid 1] AH00094: Command line: 'apache2 -D FOREGROUND'
[Tue Feb 04 14:57:47.632628 2020] [mpm_prefork:notice] [pid 1] AH00170: caught SIGWINCH, shutting down gracefully
[Tue Feb 04 14:58:37.965420 2020] [mpm_prefork:notice] [pid 1] AH00163: Apache/2.4.38 (Debian) PHP/7.2.27 OpenSSL/1.1.1d configured -- resuming normal operations
[Tue Feb 04 14:58:37.974434 2020] [core:notice] [pid 1] AH00094: Command line: 'apache2 -D FOREGROUND'
[Tue Feb 04 15:00:08.547317 2020] [mpm_prefork:notice] [pid 1] AH00170: caught SIGWINCH, shutting down gracefully
[Tue Feb 04 15:00:12.236934 2020] [mpm_prefork:notice] [pid 1] AH00163: Apache/2.4.38 (Debian) PHP/7.2.27 OpenSSL/1.1.1d configured -- resuming normal operations
[Tue Feb 04 15:00:12.239937 2020] [core:notice] [pid 1] AH00094: Command line: 'apache2 -D FOREGROUND'
[Tue Feb 04 15:00:56.669715 2020] [mpm_prefork:notice] [pid 1] AH00170: caught SIGWINCH, shutting down gracefully
[Tue Feb 04 15:01:24.646089 2020] [mpm_prefork:notice] [pid 1] AH00163: Apache/2.4.38 (Debian) PHP/7.2.27 OpenSSL/1.1.1d configured -- resuming normal operations
[Tue Feb 04 15:01:24.647102 2020] [core:notice] [pid 1] AH00094: Command line: 'apache2 -D FOREGROUND'
[Tue Feb 04 15:01:35.111154 2020] [autoindex:error] [pid 17] [client 172.20.0.1:60968] AH01276: Cannot serve directory /var/www/html/: No matching DirectoryIndex (index.php,index.html) found, and server-generated directory index forbidden by Options directive
[Tue Feb 04 15:02:03.421517 2020] [autoindex:error] [pid 20] [client 172.20.0.1:32770] AH01276: Cannot serve directory /var/www/html/: No matching DirectoryIndex (index.php,index.html) found, and server-generated directory index forbidden by Options directive
[Tue Feb 04 15:02:41.588085 2020] [autoindex:error] [pid 21] [client 172.20.0.1:32810] AH01276: Cannot serve directory /var/www/html/: No matching DirectoryIndex (index.php,index.html) found, and server-generated directory index forbidden by Options directive
[Tue Feb 04 15:04:32.446512 2020] [autoindex:error] [pid 23] [client 172.20.0.1:32856] AH01276: Cannot serve directory /var/www/html/: No matching DirectoryIndex (index.php,index.html) found, and server-generated directory index forbidden by Options directive
[Tue Feb 04 15:06:43.099380 2020] [autoindex:error] [pid 17] [client 172.20.0.1:32910] AH01276: Cannot serve directory /var/www/html/: No matching DirectoryIndex (index.php,index.html) found, and server-generated directory index forbidden by Options directive
[Tue Feb 04 15:15:06.514261 2020] [mpm_prefork:notice] [pid 1] AH00170: caught SIGWINCH, shutting down gracefully
[Tue Feb 04 15:15:12.770599 2020] [mpm_prefork:notice] [pid 1] AH00163: Apache/2.4.38 (Debian) PHP/7.2.27 OpenSSL/1.1.1d configured -- resuming normal operations
[Tue Feb 04 15:15:12.772154 2020] [core:notice] [pid 1] AH00094: Command line: 'apache2 -D FOREGROUND'
[Tue Feb 04 15:15:13.058892 2020] [autoindex:error] [pid 18] [client 172.20.0.1:33080] AH01276: Cannot serve directory /var/www/html/: No matching DirectoryIndex (index.php,index.html) found, and server-generated directory index forbidden by Options directive
[Tue Feb 04 15:15:13.059686 2020] [autoindex:error] [pid 17] [client 172.20.0.1:33076] AH01276: Cannot serve directory /var/www/html/: No matching DirectoryIndex (index.php,index.html) found, and server-generated directory index forbidden by Options directive
[Tue Feb 04 15:15:13.067127 2020] [autoindex:error] [pid 21] [client 172.20.0.1:33078] AH01276: Cannot serve directory /var/www/html/: No matching DirectoryIndex (index.php,index.html) found, and server-generated directory index forbidden by Options directive
[Tue Feb 04 15:15:13.088478 2020] [autoindex:error] [pid 20] [client 172.20.0.1:33074] AH01276: Cannot serve directory /var/www/html/: No matching DirectoryIndex (index.php,index.html) found, and server-generated directory index forbidden by Options directive
[Tue Feb 04 15:15:13.819635 2020] [autoindex:error] [pid 20] [client 172.20.0.1:33074] AH01276: Cannot serve directory /var/www/html/: No matching DirectoryIndex (index.php,index.html) found, and server-generated directory index forbidden by Options directive
[Tue Feb 04 15:27:32.108268 2020] [mpm_prefork:notice] [pid 1] AH00170: caught SIGWINCH, shutting down gracefully
[Tue Feb 04 15:27:47.608675 2020] [mpm_prefork:notice] [pid 1] AH00163: Apache/2.4.38 (Debian) PHP/7.2.27 OpenSSL/1.1.1d configured -- resuming normal operations
[Tue Feb 04 15:27:47.619297 2020] [core:notice] [pid 1] AH00094: Command line: 'apache2 -D FOREGROUND'
[Tue Feb 04 15:27:48.318827 2020] [autoindex:error] [pid 16] [client 172.21.0.1:50440] AH01276: Cannot serve directory /var/www/html/: No matching DirectoryIndex (index.php,index.html) found, and server-generated directory index forbidden by Options directive
[Tue Feb 04 15:27:48.332421 2020] [autoindex:error] [pid 18] [client 172.21.0.1:50452] AH01276: Cannot serve directory /var/www/html/: No matching DirectoryIndex (index.php,index.html) found, and server-generated directory index forbidden by Options directive
[Tue Feb 04 15:28:32.461098 2020] [autoindex:error] [pid 22] [client 172.21.0.1:50522] AH01276: Cannot serve directory /var/www/html/: No matching DirectoryIndex (index.php,index.html) found, and server-generated directory index forbidden by Options directive
[Tue Feb 04 15:32:30.087622 2020] [autoindex:error] [pid 25] [client 172.21.0.1:50604] AH01276: Cannot serve directory /var/www/html/: No matching DirectoryIndex (index.php,index.html) found, and server-generated directory index forbidden by Options directive
[Tue Feb 04 16:13:18.136851 2020] [mpm_prefork:notice] [pid 1] AH00170: caught SIGWINCH, shutting down gracefully
[Tue Feb 04 16:13:57.081552 2020] [mpm_prefork:notice] [pid 1] AH00163: Apache/2.4.38 (Debian) PHP/7.2.27 OpenSSL/1.1.1d configured -- resuming normal operations
[Tue Feb 04 16:13:57.084161 2020] [core:notice] [pid 1] AH00094: Command line: 'apache2 -D FOREGROUND'
[Tue Feb 04 16:13:59.770635 2020] [autoindex:error] [pid 18] [client 172.22.0.1:37166] AH01276: Cannot serve directory /var/www/html/: No matching DirectoryIndex (index.php,index.html) found, and server-generated directory index forbidden by Options directive
[Tue Feb 04 16:13:59.785922 2020] [autoindex:error] [pid 19] [client 172.22.0.1:37194] AH01276: Cannot serve directory /var/www/html/: No matching DirectoryIndex (index.php,index.html) found, and server-generated directory index forbidden by Options directive
[Tue Feb 04 16:15:36.732590 2020] [autoindex:error] [pid 23] [client 172.22.0.1:37252] AH01276: Cannot serve directory /var/www/html/: No matching DirectoryIndex (index.php,index.html) found, and server-generated directory index forbidden by Options directive
[Tue Feb 04 16:16:17.334406 2020] [autoindex:error] [pid 24] [client 172.22.0.1:37330] AH01276: Cannot serve directory /var/www/html/: No matching DirectoryIndex (index.php,index.html) found, and server-generated directory index forbidden by Options directive
[Tue Feb 04 16:24:55.352359 2020] [mpm_prefork:notice] [pid 1] AH00170: caught SIGWINCH, shutting down gracefully
[Tue Feb 04 16:30:48.561027 2020] [mpm_prefork:notice] [pid 1] AH00163: Apache/2.4.38 (Debian) PHP/7.2.27 OpenSSL/1.1.1d configured -- resuming normal operations
[Tue Feb 04 16:30:48.566070 2020] [core:notice] [pid 1] AH00094: Command line: 'apache2 -D FOREGROUND'
[Tue Feb 04 16:30:49.147726 2020] [autoindex:error] [pid 19] [client 172.23.0.1:53122] AH01276: Cannot serve directory /var/www/html/: No matching DirectoryIndex (index.php,index.html) found, and server-generated directory index forbidden by Options directive
[Tue Feb 04 16:30:49.152428 2020] [autoindex:error] [pid 16] [client 172.23.0.1:53106] AH01276: Cannot serve directory /var/www/html/: No matching DirectoryIndex (index.php,index.html) found, and server-generated directory index forbidden by Options directive
[Tue Feb 04 16:38:35.898733 2020] [mpm_prefork:notice] [pid 1] AH00170: caught SIGWINCH, shutting down gracefully
[Tue Feb 04 16:39:59.738949 2020] [mpm_prefork:notice] [pid 1] AH00163: Apache/2.4.38 (Debian) PHP/7.2.27 OpenSSL/1.1.1d configured -- resuming normal operations
[Tue Feb 04 16:39:59.740758 2020] [core:notice] [pid 1] AH00094: Command line: 'apache2 -D FOREGROUND'
[Tue Feb 04 16:40:01.535582 2020] [autoindex:error] [pid 21] [client 172.24.0.1:54508] AH01276: Cannot serve directory /var/www/html/: No matching DirectoryIndex (index.php,index.html) found, and server-generated directory index forbidden by Options directive
[Tue Feb 04 16:40:01.537295 2020] [autoindex:error] [pid 18] [client 172.24.0.1:54516] AH01276: Cannot serve directory /var/www/html/: No matching DirectoryIndex (index.php,index.html) found, and server-generated directory index forbidden by Options directive
[Tue Feb 04 16:51:52.462195 2020] [mpm_prefork:notice] [pid 1] AH00170: caught SIGWINCH, shutting down gracefully
[Tue Feb 04 16:55:38.326017 2020] [mpm_prefork:notice] [pid 1] AH00163: Apache/2.4.38 (Debian) PHP/7.2.27 OpenSSL/1.1.1d configured -- resuming normal operations
[Tue Feb 04 16:55:38.333493 2020] [core:notice] [pid 1] AH00094: Command line: 'apache2 -D FOREGROUND'
[Tue Feb 04 16:55:39.578016 2020] [autoindex:error] [pid 17] [client 172.25.0.1:42644] AH01276: Cannot serve directory /var/www/html/: No matching DirectoryIndex (index.php,index.html) found, and server-generated directory index forbidden by Options directive
[Tue Feb 04 16:55:41.412634 2020] [autoindex:error] [pid 17] [client 172.25.0.1:42644] AH01276: Cannot serve directory /var/www/html/: No matching DirectoryIndex (index.php,index.html) found, and server-generated directory index forbidden by Options directive
[Tue Feb 04 17:03:52.223870 2020] [mpm_prefork:notice] [pid 1] AH00170: caught SIGWINCH, shutting down gracefully
[Tue Feb 04 18:22:18.064817 2020] [mpm_prefork:notice] [pid 1] AH00163: Apache/2.4.38 (Debian) PHP/7.2.27 OpenSSL/1.1.1d configured -- resuming normal operations
[Tue Feb 04 18:22:18.067972 2020] [core:notice] [pid 1] AH00094: Command line: 'apache2 -D FOREGROUND'
[Tue Feb 04 18:22:18.252785 2020] [autoindex:error] [pid 18] [client 172.26.0.1:42406] AH01276: Cannot serve directory /var/www/html/: No matching DirectoryIndex (index.php,index.html) found, and server-generated directory index forbidden by Options directive
[Tue Feb 04 18:22:18.252872 2020] [autoindex:error] [pid 17] [client 172.26.0.1:42408] AH01276: Cannot serve directory /var/www/html/: No matching DirectoryIndex (index.php,index.html) found, and server-generated directory index forbidden by Options directive
[Tue Feb 04 18:49:58.284980 2020] [mpm_prefork:notice] [pid 1] AH00170: caught SIGWINCH, shutting down gracefully
[Tue Feb 04 18:53:59.013055 2020] [mpm_prefork:notice] [pid 1] AH00163: Apache/2.4.38 (Debian) PHP/7.2.27 OpenSSL/1.1.1d configured -- resuming normal operations
[Tue Feb 04 18:53:59.018595 2020] [core:notice] [pid 1] AH00094: Command line: 'apache2 -D FOREGROUND'
[Tue Feb 04 18:54:00.141883 2020] [autoindex:error] [pid 17] [client 172.27.0.1:44658] AH01276: Cannot serve directory /var/www/html/: No matching DirectoryIndex (index.php,index.html) found, and server-generated directory index forbidden by Options directive
[Tue Feb 04 18:54:00.141862 2020] [autoindex:error] [pid 16] [client 172.27.0.1:44660] AH01276: Cannot serve directory /var/www/html/: No matching DirectoryIndex (index.php,index.html) found, and server-generated directory index forbidden by Options directive
[Tue Feb 04 18:58:17.835467 2020] [mpm_prefork:notice] [pid 1] AH00170: caught SIGWINCH, shutting down gracefully
[Tue Feb 04 19:01:11.232845 2020] [mpm_prefork:notice] [pid 1] AH00163: Apache/2.4.38 (Debian) PHP/7.2.27 OpenSSL/1.1.1d configured -- resuming normal operations
[Tue Feb 04 19:01:11.234627 2020] [core:notice] [pid 1] AH00094: Command line: 'apache2 -D FOREGROUND'
[Tue Feb 04 19:01:11.247637 2020] [autoindex:error] [pid 17] [client 172.28.0.1:39106] AH01276: Cannot serve directory /var/www/html/: No matching DirectoryIndex (index.php,index.html) found, and server-generated directory index forbidden by Options directive
[Tue Feb 04 19:01:12.090250 2020] [autoindex:error] [pid 17] [client 172.28.0.1:39106] AH01276: Cannot serve directory /var/www/html/: No matching DirectoryIndex (index.php,index.html) found, and server-generated directory index forbidden by Options directive
[Tue Feb 04 19:06:49.560682 2020] [mpm_prefork:notice] [pid 1] AH00170: caught SIGWINCH, shutting down gracefully
[Tue Feb 04 19:09:35.711373 2020] [mpm_prefork:notice] [pid 1] AH00163: Apache/2.4.38 (Debian) PHP/7.2.27 OpenSSL/1.1.1d configured -- resuming normal operations
[Tue Feb 04 19:09:35.729042 2020] [core:notice] [pid 1] AH00094: Command line: 'apache2 -D FOREGROUND'
[Tue Feb 04 19:09:36.166040 2020] [autoindex:error] [pid 16] [client 172.29.0.1:45858] AH01276: Cannot serve directory /var/www/html/: No matching DirectoryIndex (index.php,index.html) found, and server-generated directory index forbidden by Options directive
[Tue Feb 04 19:09:37.494681 2020] [autoindex:error] [pid 16] [client 172.29.0.1:45858] AH01276: Cannot serve directory /var/www/html/: No matching DirectoryIndex (index.php,index.html) found, and server-generated directory index forbidden by Options directive
[Tue Feb 04 19:22:11.192112 2020] [autoindex:error] [pid 22] [client 172.29.0.1:46008] AH01276: Cannot serve directory /var/www/html/: No matching DirectoryIndex (index.php,index.html) found, and server-generated directory index forbidden by Options directive
[Tue Feb 04 19:22:11.409863 2020] [autoindex:error] [pid 22] [client 172.29.0.1:46008] AH01276: Cannot serve directory /var/www/html/: No matching DirectoryIndex (index.php,index.html) found, and server-generated directory index forbidden by Options directive
[Tue Feb 04 19:24:49.737460 2020] [autoindex:error] [pid 23] [client 172.29.0.1:46020] AH01276: Cannot serve directory /var/www/html/: No matching DirectoryIndex (index.php,index.html) found, and server-generated directory index forbidden by Options directive
[Tue Feb 04 19:26:00.992859 2020] [autoindex:error] [pid 19] [client 172.29.0.1:46028] AH01276: Cannot serve directory /var/www/html/: No matching DirectoryIndex (index.php,index.html) found, and server-generated directory index forbidden by Options directive
[Tue Feb 04 19:26:01.193850 2020] [autoindex:error] [pid 19] [client 172.29.0.1:46028] AH01276: Cannot serve directory /var/www/html/: No matching DirectoryIndex (index.php,index.html) found, and server-generated directory index forbidden by Options directive
[Tue Feb 04 19:27:01.356191 2020] [autoindex:error] [pid 17] [client 172.29.0.1:46038] AH01276: Cannot serve directory /var/www/html/: No matching DirectoryIndex (index.php,index.html) found, and server-generated directory index forbidden by Options directive
[Tue Feb 04 19:39:22.775499 2020] [mpm_prefork:notice] [pid 1] AH00170: caught SIGWINCH, shutting down gracefully
[Tue Feb 04 19:56:00.128953 2020] [mpm_prefork:notice] [pid 1] AH00163: Apache/2.4.38 (Debian) PHP/7.2.27 OpenSSL/1.1.1d configured -- resuming normal operations
[Tue Feb 04 19:56:00.131985 2020] [core:notice] [pid 1] AH00094: Command line: 'apache2 -D FOREGROUND'
[Tue Feb 04 19:56:00.751871 2020] [autoindex:error] [pid 17] [client 172.30.0.1:47062] AH01276: Cannot serve directory /var/www/html/: No matching DirectoryIndex (index.php,index.html) found, and server-generated directory index forbidden by Options directive
[Tue Feb 04 19:56:01.292619 2020] [autoindex:error] [pid 17] [client 172.30.0.1:47062] AH01276: Cannot serve directory /var/www/html/: No matching DirectoryIndex (index.php,index.html) found, and server-generated directory index forbidden by Options directive
[Tue Feb 04 20:09:55.482562 2020] [mpm_prefork:notice] [pid 1] AH00170: caught SIGWINCH, shutting down gracefully
[Tue Feb 04 20:13:00.758366 2020] [mpm_prefork:notice] [pid 1] AH00163: Apache/2.4.38 (Debian) PHP/7.2.27 OpenSSL/1.1.1d configured -- resuming normal operations
[Tue Feb 04 20:13:00.762794 2020] [core:notice] [pid 1] AH00094: Command line: 'apache2 -D FOREGROUND'
[Tue Feb 04 20:22:00.657571 2020] [mpm_prefork:notice] [pid 1] AH00170: caught SIGWINCH, shutting down gracefully
[Tue Feb 04 20:22:38.325848 2020] [mpm_prefork:notice] [pid 1] AH00163: Apache/2.4.38 (Debian) PHP/7.2.27 OpenSSL/1.1.1d configured -- resuming normal operations
[Tue Feb 04 20:22:38.328850 2020] [core:notice] [pid 1] AH00094: Command line: 'apache2 -D FOREGROUND'
[Tue Feb 04 20:23:26.502390 2020] [mpm_prefork:notice] [pid 1] AH00170: caught SIGWINCH, shutting down gracefully
[Tue Feb 04 20:26:22.403829 2020] [mpm_prefork:notice] [pid 1] AH00163: Apache/2.4.38 (Debian) PHP/7.2.27 OpenSSL/1.1.1d configured -- resuming normal operations
[Tue Feb 04 20:26:22.406486 2020] [core:notice] [pid 1] AH00094: Command line: 'apache2 -D FOREGROUND'
[Tue Feb 04 20:50:26.040632 2020] [autoindex:error] [pid 18] [client 192.168.16.1:53144] AH01276: Cannot serve directory /var/www/html/: No matching DirectoryIndex (index.php,index.html) found, and server-generated directory index forbidden by Options directive
[Tue Feb 04 20:50:26.859988 2020] [autoindex:error] [pid 18] [client 192.168.16.1:53144] AH01276: Cannot serve directory /var/www/html/: No matching DirectoryIndex (index.php,index.html) found, and server-generated directory index forbidden by Options directive
[Tue Feb 04 20:50:52.015104 2020] [mpm_prefork:notice] [pid 1] AH00170: caught SIGWINCH, shutting down gracefully
[Tue Feb 04 20:50:56.850092 2020] [mpm_prefork:notice] [pid 1] AH00163: Apache/2.4.38 (Debian) PHP/7.2.27 OpenSSL/1.1.1d configured -- resuming normal operations
[Tue Feb 04 20:50:56.853405 2020] [core:notice] [pid 1] AH00094: Command line: 'apache2 -D FOREGROUND'
[Tue Feb 04 20:55:49.380154 2020] [mpm_prefork:notice] [pid 1] AH00170: caught SIGWINCH, shutting down gracefully
[Tue Feb 04 21:02:42.076677 2020] [mpm_prefork:notice] [pid 1] AH00163: Apache/2.4.38 (Debian) PHP/7.2.27 OpenSSL/1.1.1d configured -- resuming normal operations
[Tue Feb 04 21:02:42.078980 2020] [core:notice] [pid 1] AH00094: Command line: 'apache2 -D FOREGROUND'
[Tue Feb 04 21:02:45.609747 2020] [autoindex:error] [pid 16] [client 192.168.32.1:60194] AH01276: Cannot serve directory /var/www/html/: No matching DirectoryIndex (index.php,index.html) found, and server-generated directory index forbidden by Options directive
[Tue Feb 04 21:02:46.568917 2020] [autoindex:error] [pid 16] [client 192.168.32.1:60194] AH01276: Cannot serve directory /var/www/html/: No matching DirectoryIndex (index.php,index.html) found, and server-generated directory index forbidden by Options directive
[Tue Feb 04 21:05:01.877523 2020] [mpm_prefork:notice] [pid 1] AH00170: caught SIGWINCH, shutting down gracefully
[Tue Feb 04 21:05:05.205932 2020] [mpm_prefork:notice] [pid 1] AH00163: Apache/2.4.38 (Debian) PHP/7.2.27 OpenSSL/1.1.1d configured -- resuming normal operations
[Tue Feb 04 21:05:05.207645 2020] [core:notice] [pid 1] AH00094: Command line: 'apache2 -D FOREGROUND'
[Tue Feb 04 21:08:36.662563 2020] [mpm_prefork:notice] [pid 1] AH00170: caught SIGWINCH, shutting down gracefully
[Tue Feb 04 21:11:31.756476 2020] [mpm_prefork:notice] [pid 1] AH00163: Apache/2.4.38 (Debian) PHP/7.2.27 OpenSSL/1.1.1d configured -- resuming normal operations
[Tue Feb 04 21:11:31.779012 2020] [core:notice] [pid 1] AH00094: Command line: 'apache2 -D FOREGROUND'
[Tue Feb 04 21:43:15.781407 2020] [mpm_prefork:notice] [pid 1] AH00170: caught SIGWINCH, shutting down gracefully
[Tue Feb 04 21:43:21.487760 2020] [mpm_prefork:notice] [pid 1] AH00163: Apache/2.4.38 (Debian) PHP/7.2.27 OpenSSL/1.1.1d configured -- resuming normal operations
[Tue Feb 04 21:43:21.503336 2020] [core:notice] [pid 1] AH00094: Command line: 'apache2 -D FOREGROUND'
[Tue Feb 04 21:45:52.823365 2020] [mpm_prefork:notice] [pid 1] AH00170: caught SIGWINCH, shutting down gracefully
[Tue Feb 04 21:45:56.480351 2020] [mpm_prefork:notice] [pid 1] AH00163: Apache/2.4.38 (Debian) PHP/7.2.27 OpenSSL/1.1.1d configured -- resuming normal operations
[Tue Feb 04 21:45:56.481058 2020] [core:notice] [pid 1] AH00094: Command line: 'apache2 -D FOREGROUND'
[Tue Feb 04 21:50:50.290806 2020] [mpm_prefork:notice] [pid 1] AH00170: caught SIGWINCH, shutting down gracefully
[Tue Feb 04 21:50:53.670205 2020] [mpm_prefork:notice] [pid 1] AH00163: Apache/2.4.38 (Debian) PHP/7.2.27 OpenSSL/1.1.1d configured -- resuming normal operations
[Tue Feb 04 21:50:53.671123 2020] [core:notice] [pid 1] AH00094: Command line: 'apache2 -D FOREGROUND'
[Tue Feb 04 21:54:13.453680 2020] [mpm_prefork:notice] [pid 1] AH00170: caught SIGWINCH, shutting down gracefully
[Tue Feb 04 21:57:34.962798 2020] [mpm_prefork:notice] [pid 1] AH00163: Apache/2.4.38 (Debian) PHP/7.2.27 OpenSSL/1.1.1d configured -- resuming normal operations
[Tue Feb 04 21:57:34.973895 2020] [core:notice] [pid 1] AH00094: Command line: 'apache2 -D FOREGROUND'
[Tue Feb 04 22:15:06.523843 2020] [mpm_prefork:notice] [pid 1] AH00170: caught SIGWINCH, shutting down gracefully
[Tue Feb 04 22:15:10.012406 2020] [mpm_prefork:notice] [pid 1] AH00163: Apache/2.4.38 (Debian) PHP/7.2.27 OpenSSL/1.1.1d configured -- resuming normal operations
[Tue Feb 04 22:15:10.013439 2020] [core:notice] [pid 1] AH00094: Command line: 'apache2 -D FOREGROUND'
[Tue Feb 04 22:18:10.012891 2020] [mpm_prefork:notice] [pid 1] AH00170: caught SIGWINCH, shutting down gracefully
[Tue Feb 04 22:19:27.607336 2020] [mpm_prefork:notice] [pid 1] AH00163: Apache/2.4.38 (Debian) PHP/7.2.27 OpenSSL/1.1.1d configured -- resuming normal operations
[Tue Feb 04 22:19:27.613604 2020] [core:notice] [pid 1] AH00094: Command line: 'apache2 -D FOREGROUND'
[Tue Feb 04 22:26:55.266913 2020] [mpm_prefork:notice] [pid 1] AH00170: caught SIGWINCH, shutting down gracefully
[Tue Feb 04 22:28:06.781724 2020] [mpm_prefork:notice] [pid 1] AH00163: Apache/2.4.38 (Debian) PHP/7.2.27 OpenSSL/1.1.1d configured -- resuming normal operations
[Tue Feb 04 22:28:06.785703 2020] [core:notice] [pid 1] AH00094: Command line: 'apache2 -D FOREGROUND'
[Tue Feb 04 22:35:17.701046 2020] [mpm_prefork:notice] [pid 1] AH00170: caught SIGWINCH, shutting down gracefully
[Tue Feb 04 22:36:37.680331 2020] [mpm_prefork:notice] [pid 1] AH00163: Apache/2.4.38 (Debian) PHP/7.2.27 OpenSSL/1.1.1d configured -- resuming normal operations
[Tue Feb 04 22:36:37.687788 2020] [core:notice] [pid 1] AH00094: Command line: 'apache2 -D FOREGROUND'
